*** Starting uWSGI 2.0.18 (64bit) on [Sat Aug 17 20:18:47 2019] ***
compiled with version: 7.2.0 on 11 August 2019 04:23:28
os: Linux-4.13.0-46-generic #51-Ubuntu SMP Tue Jun 12 12:36:29 UTC 2018
nodename: jjj-VirtualBox
machine: x86_64
clock source: unix
pcre jit disabled
detected number of CPU cores: 1
current working directory: /home/jjj/vpython/django_web/dailyfresh
writing pidfile to uwsgi2.pid
detected binary path: /usr/local/bin/uwsgi
chdir() to /home/jjj/vpython/django_web/dailyfresh
your processes number limit is 11717
your memory page size is 4096 bytes
detected max file descriptor number: 1048576
lock engine: pthread robust mutexes
thunder lock: disabled (you can enable it with --thunder-lock)
uwsgi socket 0 bound to TCP address 127.0.0.1:8081 fd 3
Python version: 3.5.2 (default, Nov 12 2018, 13:43:14)  [GCC 5.4.0 20160609]
Set PythonHome to /home/jjj/.local/share/virtualenvs/django_python-SFI6mlQu
Python main interpreter initialized at 0x55ff9a940ff0
python threads support enabled
your server socket listen backlog is limited to 100 connections
your mercy for graceful operations on workers is 60 seconds
mapped 416880 bytes (407 KB) for 8 cores
*** Operational MODE: preforking+threaded ***
WSGI app 0 (mountpoint='') ready in 1 seconds on interpreter 0x55ff9a940ff0 pid: 8705 (default app)
*** uWSGI is running in multiple interpreter mode ***
spawned uWSGI master process (pid: 8705)
spawned uWSGI worker 1 (pid: 8709, cores: 2)
spawned uWSGI worker 2 (pid: 8710, cores: 2)
spawned uWSGI worker 3 (pid: 8711, cores: 2)
spawned uWSGI worker 4 (pid: 8712, cores: 2)
Sat Aug 17 20:20:11 2019 - uWSGI worker 2 screams: UAAAAAAH my master disconnected: i will kill myself !!!
*** Starting uWSGI 2.0.18 (64bit) on [Sat Aug 17 20:20:14 2019] ***
compiled with version: 7.2.0 on 11 August 2019 04:23:28
os: Linux-4.13.0-46-generic #51-Ubuntu SMP Tue Jun 12 12:36:29 UTC 2018
nodename: jjj-VirtualBox
machine: x86_64
clock source: unix
pcre jit disabled
detected number of CPU cores: 1
current working directory: /home/jjj/vpython/django_web/dailyfresh
writing pidfile to uwsgi2.pid
detected binary path: /usr/local/bin/uwsgi
chdir() to /home/jjj/vpython/django_web/dailyfresh
your processes number limit is 11717
your memory page size is 4096 bytes
detected max file descriptor number: 1048576
lock engine: pthread robust mutexes
thunder lock: disabled (you can enable it with --thunder-lock)
uwsgi socket 0 bound to TCP address 127.0.0.1:8081 fd 3
Python version: 3.5.2 (default, Nov 12 2018, 13:43:14)  [GCC 5.4.0 20160609]
Set PythonHome to /home/jjj/.local/share/virtualenvs/django_python-SFI6mlQu
Python main interpreter initialized at 0x55959f06eff0
python threads support enabled
your server socket listen backlog is limited to 100 connections
your mercy for graceful operations on workers is 60 seconds
mapped 416880 bytes (407 KB) for 8 cores
*** Operational MODE: preforking+threaded ***
WSGI app 0 (mountpoint='') ready in 1 seconds on interpreter 0x55959f06eff0 pid: 8772 (default app)
*** uWSGI is running in multiple interpreter mode ***
spawned uWSGI master process (pid: 8772)
spawned uWSGI worker 1 (pid: 8775, cores: 2)
spawned uWSGI worker 2 (pid: 8776, cores: 2)
spawned uWSGI worker 3 (pid: 8777, cores: 2)
spawned uWSGI worker 4 (pid: 8778, cores: 2)
Sat Aug 17 21:47:42 2019 - uWSGI worker 3 screams: UAAAAAAH my master disconnected: i will kill myself !!!
*** Starting uWSGI 2.0.18 (64bit) on [Sat Aug 17 22:29:54 2019] ***
compiled with version: 7.2.0 on 11 August 2019 04:23:28
os: Linux-4.13.0-46-generic #51-Ubuntu SMP Tue Jun 12 12:36:29 UTC 2018
nodename: jjj-VirtualBox
machine: x86_64
clock source: unix
pcre jit disabled
detected number of CPU cores: 1
current working directory: /home/jjj/vpython/django_web/dailyfresh
writing pidfile to uwsgi2.pid
detected binary path: /usr/local/bin/uwsgi
chdir() to /home/jjj/vpython/django_web/dailyfresh
your processes number limit is 11717
your memory page size is 4096 bytes
detected max file descriptor number: 1048576
lock engine: pthread robust mutexes
thunder lock: disabled (you can enable it with --thunder-lock)
uwsgi socket 0 bound to TCP address 127.0.0.1:8081 fd 3
Python version: 3.5.2 (default, Nov 12 2018, 13:43:14)  [GCC 5.4.0 20160609]
Set PythonHome to /home/jjj/.local/share/virtualenvs/django_python-SFI6mlQu
Python main interpreter initialized at 0x5569a7241ff0
python threads support enabled
your server socket listen backlog is limited to 100 connections
your mercy for graceful operations on workers is 60 seconds
mapped 416880 bytes (407 KB) for 8 cores
*** Operational MODE: preforking+threaded ***
WSGI app 0 (mountpoint='') ready in 2 seconds on interpreter 0x5569a7241ff0 pid: 2257 (default app)
*** uWSGI is running in multiple interpreter mode ***
spawned uWSGI master process (pid: 2257)
spawned uWSGI worker 1 (pid: 2261, cores: 2)
spawned uWSGI worker 2 (pid: 2262, cores: 2)
spawned uWSGI worker 3 (pid: 2265, cores: 2)
spawned uWSGI worker 4 (pid: 2266, cores: 2)
Sat Aug 17 22:35:27 2019 - uWSGI worker 1 screams: UAAAAAAH my master disconnected: i will kill myself !!!
Sat Aug 17 22:35:27 2019 - uWSGI worker 3 screams: UAAAAAAH my master disconnected: i will kill myself !!!
